0 info it worked if it ends with ok
1 verbose cli [ '/usr/bin/node', '/usr/bin/npm', 'run', 'dev' ]
2 info using npm@3.10.10
3 info using node@v6.11.3
4 verbose run-script [ 'predev', 'dev', 'postdev' ]
5 info lifecycle gulp-and-css-handling@1.0.0~predev: gulp-and-css-handling@1.0.0
6 silly lifecycle gulp-and-css-handling@1.0.0~predev: no script for predev, continuing
7 info lifecycle gulp-and-css-handling@1.0.0~dev: gulp-and-css-handling@1.0.0
8 verbose lifecycle gulp-and-css-handling@1.0.0~dev: unsafe-perm in lifecycle true
9 verbose lifecycle gulp-and-css-handling@1.0.0~dev: PATH: /usr/lib/node_modules/npm/bin/node-gyp-bin:/mnt/e/~shares/sourceRoot/nodejs/gulp-and-css-handling/node_modules/.bin:/usr/bin:/usr/local/sbin:/usr/local/bin:/usr/sbin:/usr/bin:/sbin:/bin:/usr/games:/usr/local/games:/mnt/c/Program Files (x86)/NVIDIA Corporation/PhysX/Common:/mnt/c/ProgramData/Oracle/Java/javapath:/mnt/c/Windows/System32:/mnt/c/Windows:/mnt/c/Windows/System32/wbem:/mnt/c/Windows/System32/WindowsPowerShell/v1.0:/mnt/c/Program Files (x86)/AMD/ATI.ACE/Core-Static:/mnt/c/Program Files (x86)/Skype/Phone:/mnt/c/Program Files (x86)/PuTTY:/mnt/c/ProgramData/chocolatey/bin:/mnt/c/Program Files/Git/cmd:/mnt/c/Program Files/dotnet:/mnt/c/ProgramData/chocolatey/lib/sysinternals/tools:/mnt/c/Program Files (x86)/Microsoft Visual Studio/2017/BuildTools/MSBuild/15.0/Bin/Roslyn:/mnt/c/Program Files/nodejs:/mnt/c/Users/rasx/AppData/Local/Microsoft/WindowsApps:/mnt/c/Program Files/Microsoft VS Code/bin:/mnt/c/Users/rasx/AppData/Local/Pandoc:/mnt/c/Users/rasx/AppData/Roaming/npm
10 verbose lifecycle gulp-and-css-handling@1.0.0~dev: CWD: /mnt/e/~shares/sourceRoot/nodejs/gulp-and-css-handling
11 silly lifecycle gulp-and-css-handling@1.0.0~dev: Args: [ '-c', 'gulp dev' ]
12 silly lifecycle gulp-and-css-handling@1.0.0~dev: Returned: code: 1  signal: null
13 info lifecycle gulp-and-css-handling@1.0.0~dev: Failed to exec dev script
14 verbose stack Error: gulp-and-css-handling@1.0.0 dev: `gulp dev`
14 verbose stack Exit status 1
14 verbose stack     at EventEmitter.<anonymous> (/usr/lib/node_modules/npm/lib/utils/lifecycle.js:255:16)
14 verbose stack     at emitTwo (events.js:106:13)
14 verbose stack     at EventEmitter.emit (events.js:191:7)
14 verbose stack     at ChildProcess.<anonymous> (/usr/lib/node_modules/npm/lib/utils/spawn.js:40:14)
14 verbose stack     at emitTwo (events.js:106:13)
14 verbose stack     at ChildProcess.emit (events.js:191:7)
14 verbose stack     at maybeClose (internal/child_process.js:920:16)
14 verbose stack     at Process.ChildProcess._handle.onexit (internal/child_process.js:230:5)
15 verbose pkgid gulp-and-css-handling@1.0.0
16 verbose cwd /mnt/e/~shares/sourceRoot/nodejs/gulp-and-css-handling
17 error Linux 4.4.0-43-Microsoft
18 error argv "/usr/bin/node" "/usr/bin/npm" "run" "dev"
19 error node v6.11.3
20 error npm  v3.10.10
21 error code ELIFECYCLE
22 error gulp-and-css-handling@1.0.0 dev: `gulp dev`
22 error Exit status 1
23 error Failed at the gulp-and-css-handling@1.0.0 dev script 'gulp dev'.
23 error Make sure you have the latest version of node.js and npm installed.
23 error If you do, this is most likely a problem with the gulp-and-css-handling package,
23 error not with npm itself.
23 error Tell the author that this fails on your system:
23 error     gulp dev
23 error You can get information on how to open an issue for this project with:
23 error     npm bugs gulp-and-css-handling
23 error Or if that isn't available, you can get their info via:
23 error     npm owner ls gulp-and-css-handling
23 error There is likely additional logging output above.
24 verbose exit [ 1, true ]
